C:\USERS\ELUGUAN\DOCUMENTS\VISUAL STUDIO 2010\PROJECTS\DATA_STRUCTURE\DEBUG\STACK_LINKNODE.EXE
C:\USERS\ELUGUAN\DOCUMENTS\VISUAL STUDIO 2010\PROJECTS\DATA_STRUCTURE\DEBUG\STACK_LINKNODE.EXE.MANIFEST
C:\USERS\ELUGUAN\DOCUMENTS\VISUAL STUDIO 2010\PROJECTS\DATA_STRUCTURE\DEBUG\STACK_LINKNODE.ILK
C:\USERS\ELUGUAN\DOCUMENTS\VISUAL STUDIO 2010\PROJECTS\DATA_STRUCTURE\DEBUG\STACK_LINKNODE.PDB
C:\Users\eluguan\documents\visual studio 2010\Projects\Data_Structure\stack_linknode\Debug\cl.command.1.tlog
C:\Users\eluguan\documents\visual studio 2010\Projects\Data_Structure\stack_linknode\Debug\CL.read.1.tlog
C:\Users\eluguan\documents\visual studio 2010\Projects\Data_Structure\stack_linknode\Debug\CL.write.1.tlog
C:\Users\eluguan\documents\visual studio 2010\Projects\Data_Structure\stack_linknode\Debug\link.14640.read.1.tlog
C:\Users\eluguan\documents\visual studio 2010\Projects\Data_Structure\stack_linknode\Debug\link.14640.write.1.tlog
C:\Users\eluguan\documents\visual studio 2010\Projects\Data_Structure\stack_linknode\Debug\link.1776.read.1.tlog
C:\Users\eluguan\documents\visual studio 2010\Projects\Data_Structure\stack_linknode\Debug\link.1776.write.1.tlog
C:\Users\eluguan\documents\visual studio 2010\Projects\Data_Structure\stack_linknode\Debug\link.command.1.tlog
C:\Users\eluguan\documents\visual studio 2010\Projects\Data_Structure\stack_linknode\Debug\link.read.1.tlog
C:\Users\eluguan\documents\visual studio 2010\Projects\Data_Structure\stack_linknode\Debug\link.write.1.tlog
C:\Users\eluguan\documents\visual studio 2010\Projects\Data_Structure\stack_linknode\Debug\mt.command.1.tlog
C:\Users\eluguan\documents\visual studio 2010\Projects\Data_Structure\stack_linknode\Debug\mt.read.1.tlog
C:\Users\eluguan\documents\visual studio 2010\Projects\Data_Structure\stack_linknode\Debug\mt.write.1.tlog
C:\Users\eluguan\documents\visual studio 2010\Projects\Data_Structure\stack_linknode\Debug\rc.command.1.tlog
C:\Users\eluguan\documents\visual studio 2010\Projects\Data_Structure\stack_linknode\Debug\rc.read.1.tlog
C:\Users\eluguan\documents\visual studio 2010\Projects\Data_Structure\stack_linknode\Debug\rc.write.1.tlog
C:\Users\eluguan\documents\visual studio 2010\Projects\Data_Structure\stack_linknode\Debug\stack_linknode.exe.embed.manifest
C:\USERS\ELUGUAN\DOCUMENTS\VISUAL STUDIO 2010\PROJECTS\DATA_STRUCTURE\STACK_LINKNODE\DEBUG\STACK_LINKNODE.EXE.EMBED.MANIFEST.RES
C:\USERS\ELUGUAN\DOCUMENTS\VISUAL STUDIO 2010\PROJECTS\DATA_STRUCTURE\STACK_LINKNODE\DEBUG\STACK_LINKNODE.EXE.INTERMEDIATE.MANIFEST
C:\USERS\ELUGUAN\DOCUMENTS\VISUAL STUDIO 2010\PROJECTS\DATA_STRUCTURE\STACK_LINKNODE\DEBUG\STACK_LINKNODE.OBJ
C:\USERS\ELUGUAN\DOCUMENTS\VISUAL STUDIO 2010\PROJECTS\DATA_STRUCTURE\STACK_LINKNODE\DEBUG\STACK_LINKNODE.PCH
C:\Users\eluguan\documents\visual studio 2010\Projects\Data_Structure\stack_linknode\Debug\stack_linknode.vcxprojResolveAssemblyReference.cache
C:\Users\eluguan\documents\visual studio 2010\Projects\Data_Structure\stack_linknode\Debug\stack_linknode.write.1.tlog
C:\Users\eluguan\documents\visual studio 2010\Projects\Data_Structure\stack_linknode\Debug\stack_linknode_manifest.rc
C:\USERS\ELUGUAN\DOCUMENTS\VISUAL STUDIO 2010\PROJECTS\DATA_STRUCTURE\STACK_LINKNODE\DEBUG\STDAFX.OBJ
C:\Users\eluguan\documents\visual studio 2010\Projects\Data_Structure\stack_linknode\Debug\vc100.idb
C:\USERS\ELUGUAN\DOCUMENTS\VISUAL STUDIO 2010\PROJECTS\DATA_STRUCTURE\STACK_LINKNODE\DEBUG\VC100.PDB
