Build started 3/10/2016 11:41:29 PM.
     1>Project "C:\Users\eluguan\documents\visual studio 2010\Projects\Data_Structure\stack_linknode\stack_linknode.vcxproj" on node 2 (rebuild target(s)).
     1>_PrepareForClean:
         Deleting file "Debug\stack_linknode.lastbuildstate".
       InitializeBuildStatus:
         Creating "Debug\stack_linknode.unsuccessfulbuild" because "AlwaysCreate" was specified.
       ClCompile:
         c:\Program Files (x86)\Microsoft Visual Studio 10.0\VC\bin\CL.exe /c /ZI /nologo /W3 /WX- /Od /Oy- /D WIN32 /D _DEBUG /D _CONSOLE /D _UNICODE /D UNICODE /Gm /EHsc /RTC1 /MDd /GS /fp:precise /Zc:wchar_t /Zc:forScope /Yc"StdAfx.h" /Fp"Debug\stack_linknode.pch" /Fo"Debug\\" /Fd"Debug\vc100.pdb" /Gd /TP /analyze- /errorReport:prompt stdafx.cpp /wd4430 
         stdafx.cpp
         c:\Program Files (x86)\Microsoft Visual Studio 10.0\VC\bin\CL.exe /c /ZI /nologo /W3 /WX- /Od /Oy- /D WIN32 /D _DEBUG /D _CONSOLE /D _UNICODE /D UNICODE /Gm /EHsc /RTC1 /MDd /GS /fp:precise /Zc:wchar_t /Zc:forScope /Yu"StdAfx.h" /Fp"Debug\stack_linknode.pch" /Fo"Debug\\" /Fd"Debug\vc100.pdb" /Gd /TP /analyze- /errorReport:prompt stack_linknode.cpp /wd4430 
         stack_linknode.cpp
     1>c:\users\eluguan\documents\visual studio 2010\projects\data_structure\stack_linknode\stack2.h(9): warning C4183: 'Push': missing return type; assumed to be a member function returning 'int'
                 c:\users\eluguan\documents\visual studio 2010\projects\data_structure\stack_linknode\stack2.h(14) : see reference to class template instantiation 'myStack2<T>' being compiled
     1>c:\users\eluguan\documents\visual studio 2010\projects\data_structure\stack_linknode\stack2.h(9): warning C4183: 'Push': missing return type; assumed to be a member function returning 'int'
                 c:\users\eluguan\documents\visual studio 2010\projects\data_structure\stack_linknode\stack_linknode.cpp(14) : see reference to class template instantiation 'myStack2<T>' being compiled
                 with
                 [
                     T=double
                 ]
       Link:
         c:\Program Files (x86)\Microsoft Visual Studio 10.0\VC\bin\link.exe /ERRORREPORT:PROMPT /OUT:"C:\Users\eluguan\documents\visual studio 2010\Projects\Data_Structure\Debug\stack_linknode.exe" /INCREMENTAL /NOLOGO kernel32.lib user32.lib gdi32.lib winspool.lib comdlg32.lib advapi32.lib shell32.lib ole32.lib oleaut32.lib uuid.lib odbc32.lib odbccp32.lib /MANIFEST /ManifestFile:"Debug\stack_linknode.exe.intermediate.manifest" /MANIFESTUAC:"level='asInvoker' uiAccess='false'" /DEBUG /PDB:"C:\Users\eluguan\documents\visual studio 2010\Projects\Data_Structure\Debug\stack_linknode.pdb" /SUBSYSTEM:CONSOLE /TLBID:1 /DYNAMICBASE /NXCOMPAT /IMPLIB:"C:\Users\eluguan\documents\visual studio 2010\Projects\Data_Structure\Debug\stack_linknode.lib" /MACHINE:X86 Debug\stack_linknode.obj
         Debug\stdafx.obj
         stack_linknode.vcxproj -> C:\Users\eluguan\documents\visual studio 2010\Projects\Data_Structure\Debug\stack_linknode.exe
       Manifest:
         c:\Program Files (x86)\Microsoft SDKs\Windows\v7.0A\bin\mt.exe /nologo /verbose /out:"C:\Users\eluguan\documents\visual studio 2010\Projects\Data_Structure\Debug\stack_linknode.exe.manifest" /manifest Debug\stack_linknode.exe.intermediate.manifest
       FinalizeBuildStatus:
         Deleting file "Debug\stack_linknode.unsuccessfulbuild".
         Touching "Debug\stack_linknode.lastbuildstate".
     1>Done Building Project "C:\Users\eluguan\documents\visual studio 2010\Projects\Data_Structure\stack_linknode\stack_linknode.vcxproj" (rebuild target(s)).

Build succeeded.

Time Elapsed 00:00:01.36
