C:\USERS\ELUGUAN\DOCUMENTS\VISUAL STUDIO 2010\PROJECTS\DATA_STRUCTURE\DEBUG\SORTRAILROAD.EXE
C:\USERS\ELUGUAN\DOCUMENTS\VISUAL STUDIO 2010\PROJECTS\DATA_STRUCTURE\DEBUG\SORTRAILROAD.EXE.MANIFEST
C:\USERS\ELUGUAN\DOCUMENTS\VISUAL STUDIO 2010\PROJECTS\DATA_STRUCTURE\DEBUG\SORTRAILROAD.ILK
C:\USERS\ELUGUAN\DOCUMENTS\VISUAL STUDIO 2010\PROJECTS\DATA_STRUCTURE\DEBUG\SORTRAILROAD.PDB
C:\Users\eluguan\documents\visual studio 2010\Projects\Data_Structure\sortRailRoad\Debug\cl.command.1.tlog
C:\Users\eluguan\documents\visual studio 2010\Projects\Data_Structure\sortRailRoad\Debug\CL.read.1.tlog
C:\Users\eluguan\documents\visual studio 2010\Projects\Data_Structure\sortRailRoad\Debug\CL.write.1.tlog
C:\Users\eluguan\documents\visual studio 2010\Projects\Data_Structure\sortRailRoad\Debug\link.command.1.tlog
C:\Users\eluguan\documents\visual studio 2010\Projects\Data_Structure\sortRailRoad\Debug\link.read.1.tlog
C:\Users\eluguan\documents\visual studio 2010\Projects\Data_Structure\sortRailRoad\Debug\link.write.1.tlog
C:\Users\eluguan\documents\visual studio 2010\Projects\Data_Structure\sortRailRoad\Debug\mt.command.1.tlog
C:\Users\eluguan\documents\visual studio 2010\Projects\Data_Structure\sortRailRoad\Debug\mt.read.1.tlog
C:\Users\eluguan\documents\visual studio 2010\Projects\Data_Structure\sortRailRoad\Debug\mt.write.1.tlog
C:\USERS\ELUGUAN\DOCUMENTS\VISUAL STUDIO 2010\PROJECTS\DATA_STRUCTURE\SORTRAILROAD\DEBUG\SORTRAILROAD.EXE.INTERMEDIATE.MANIFEST
C:\USERS\ELUGUAN\DOCUMENTS\VISUAL STUDIO 2010\PROJECTS\DATA_STRUCTURE\SORTRAILROAD\DEBUG\SORTRAILROAD.OBJ
C:\USERS\ELUGUAN\DOCUMENTS\VISUAL STUDIO 2010\PROJECTS\DATA_STRUCTURE\SORTRAILROAD\DEBUG\SORTRAILROAD.PCH
C:\Users\eluguan\documents\visual studio 2010\Projects\Data_Structure\sortRailRoad\Debug\sortRailRoad.vcxprojResolveAssemblyReference.cache
C:\Users\eluguan\documents\visual studio 2010\Projects\Data_Structure\sortRailRoad\Debug\sortRailRoad.write.1.tlog
C:\USERS\ELUGUAN\DOCUMENTS\VISUAL STUDIO 2010\PROJECTS\DATA_STRUCTURE\SORTRAILROAD\DEBUG\STDAFX.OBJ
C:\Users\eluguan\documents\visual studio 2010\Projects\Data_Structure\sortRailRoad\Debug\vc100.idb
C:\USERS\ELUGUAN\DOCUMENTS\VISUAL STUDIO 2010\PROJECTS\DATA_STRUCTURE\SORTRAILROAD\DEBUG\VC100.PDB
