Build started 3/11/2016 9:55:13 PM.
     1>Project "C:\Users\eluguan\documents\visual studio 2010\Projects\Data_Structure\sortRailRoad\sortRailRoad.vcxproj" on node 2 (build target(s)).
     1>InitializeBuildStatus:
         Creating "Debug\sortRailRoad.unsuccessfulbuild" because "AlwaysCreate" was specified.
       ClCompile:
         All outputs are up-to-date.
         c:\Program Files (x86)\Microsoft Visual Studio 10.0\VC\bin\CL.exe /c /I"C:\Users\eluguan\Documents\Visual Studio 2010\Projects\Data_Structure\HeadFile" /ZI /nologo /W3 /WX- /Od /Oy- /D WIN32 /D _DEBUG /D _CONSOLE /D _UNICODE /D UNICODE /Gm /EHsc /RTC1 /MDd /GS /fp:precise /Zc:wchar_t /Zc:forScope /Yu"StdAfx.h" /Fp"Debug\sortRailRoad.pch" /Fo"Debug\\" /Fd"Debug\vc100.pdb" /Gd /TP /analyze- /errorReport:prompt sortRailRoad.cpp /wd4430 
         sortRailRoad.cpp
     1>c:\users\eluguan\documents\visual studio 2010\projects\data_structure\headfile\stack2.h(9): warning C4183: 'Push': missing return type; assumed to be a member function returning 'int'
                 c:\users\eluguan\documents\visual studio 2010\projects\data_structure\headfile\stack2.h(14) : see reference to class template instantiation 'myStack2<T>' being compiled
     1>c:\users\eluguan\documents\visual studio 2010\projects\data_structure\headfile\stack2.h(9): warning C4183: 'Push': missing return type; assumed to be a member function returning 'int'
                 c:\users\eluguan\documents\visual studio 2010\projects\data_structure\sortrailroad\sortrailroad.cpp(12) : see reference to class template instantiation 'myStack2<T>' being compiled
                 with
                 [
                     T=int
                 ]
     1>c:\users\eluguan\documents\visual studio 2010\projects\data_structure\headfile\stack2.h(21): warning C4715: 'myStack2<int>::Top' : not all control paths return a value
       Link:
         c:\Program Files (x86)\Microsoft Visual Studio 10.0\VC\bin\link.exe /ERRORREPORT:PROMPT /OUT:"C:\Users\eluguan\documents\visual studio 2010\Projects\Data_Structure\Debug\sortRailRoad.exe" /INCREMENTAL /NOLOGO /LIBPATH:"C:\Users\eluguan\Documents\Visual Studio 2010\Projects\Data_Structure\HeadFile" kernel32.lib user32.lib gdi32.lib winspool.lib comdlg32.lib advapi32.lib shell32.lib ole32.lib oleaut32.lib uuid.lib odbc32.lib odbccp32.lib /MANIFEST /ManifestFile:"Debug\sortRailRoad.exe.intermediate.manifest" /MANIFESTUAC:"level='asInvoker' uiAccess='false'" /DEBUG /PDB:"C:\Users\eluguan\documents\visual studio 2010\Projects\Data_Structure\Debug\sortRailRoad.pdb" /SUBSYSTEM:CONSOLE /TLBID:1 /DYNAMICBASE /NXCOMPAT /IMPLIB:"C:\Users\eluguan\documents\visual studio 2010\Projects\Data_Structure\Debug\sortRailRoad.lib" /MACHINE:X86 Debug\sortRailRoad.obj
         Debug\stdafx.obj
         sortRailRoad.vcxproj -> C:\Users\eluguan\documents\visual studio 2010\Projects\Data_Structure\Debug\sortRailRoad.exe
       Manifest:
         c:\Program Files (x86)\Microsoft SDKs\Windows\v7.0A\bin\mt.exe /nologo /verbose /out:"C:\Users\eluguan\documents\visual studio 2010\Projects\Data_Structure\Debug\sortRailRoad.exe.manifest" /manifest Debug\sortRailRoad.exe.intermediate.manifest
       FinalizeBuildStatus:
         Deleting file "Debug\sortRailRoad.unsuccessfulbuild".
         Touching "Debug\sortRailRoad.lastbuildstate".
     1>Done Building Project "C:\Users\eluguan\documents\visual studio 2010\Projects\Data_Structure\sortRailRoad\sortRailRoad.vcxproj" (build target(s)).

Build succeeded.

Time Elapsed 00:00:01.00
