Build started 3/24/2016 3:06:16 PM.
     1>Project "C:\Users\eluguan\documents\visual studio 2010\Projects\algorithm\recursion\recursion.vcxproj" on node 2 (build target(s)).
     1>InitializeBuildStatus:
         Creating "Debug\recursion.unsuccessfulbuild" because "AlwaysCreate" was specified.
       ClCompile:
         All outputs are up-to-date.
         c:\Program Files (x86)\Microsoft Visual Studio 10.0\VC\bin\CL.exe /c /ZI /nologo /W3 /WX- /Od /Oy- /D WIN32 /D _DEBUG /D _CONSOLE /D _UNICODE /D UNICODE /Gm /EHsc /RTC1 /MDd /GS /fp:precise /Zc:wchar_t /Zc:forScope /Yu"StdAfx.h" /Fp"Debug\recursion.pch" /Fo"Debug\\" /Fd"Debug\vc100.pdb" /Gd /TP /analyze- /errorReport:prompt recursion.cpp
         recursion.cpp
       Link:
         c:\Program Files (x86)\Microsoft Visual Studio 10.0\VC\bin\link.exe /ERRORREPORT:PROMPT /OUT:"C:\Users\eluguan\documents\visual studio 2010\Projects\algorithm\Debug\recursion.exe" /INCREMENTAL /NOLOGO kernel32.lib user32.lib gdi32.lib winspool.lib comdlg32.lib advapi32.lib shell32.lib ole32.lib oleaut32.lib uuid.lib odbc32.lib odbccp32.lib /MANIFEST /ManifestFile:"Debug\recursion.exe.intermediate.manifest" /MANIFESTUAC:"level='asInvoker' uiAccess='false'" /DEBUG /PDB:"C:\Users\eluguan\documents\visual studio 2010\Projects\algorithm\Debug\recursion.pdb" /SUBSYSTEM:CONSOLE /TLBID:1 /DYNAMICBASE /NXCOMPAT /IMPLIB:"C:\Users\eluguan\documents\visual studio 2010\Projects\algorithm\Debug\recursion.lib" /MACHINE:X86 Debug\recursion.obj
         Debug\stdafx.obj
         recursion.vcxproj -> C:\Users\eluguan\documents\visual studio 2010\Projects\algorithm\Debug\recursion.exe
       Manifest:
         c:\Program Files (x86)\Microsoft SDKs\Windows\v7.0A\bin\mt.exe /nologo /verbose /out:"C:\Users\eluguan\documents\visual studio 2010\Projects\algorithm\Debug\recursion.exe.manifest" /manifest Debug\recursion.exe.intermediate.manifest
       FinalizeBuildStatus:
         Deleting file "Debug\recursion.unsuccessfulbuild".
         Touching "Debug\recursion.lastbuildstate".
     1>Done Building Project "C:\Users\eluguan\documents\visual studio 2010\Projects\algorithm\recursion\recursion.vcxproj" (build target(s)).

Build succeeded.

Time Elapsed 00:00:01.22
