Build started 3/8/2016 9:05:45 PM.
     1>Project "C:\Users\eluguan\documents\visual studio 2010\Projects\Data_Structure\stack\stack.vcxproj" on node 2 (build target(s)).
     1>InitializeBuildStatus:
         Touching "Debug\stack.unsuccessfulbuild".
       ClCompile:
         All outputs are up-to-date.
         c:\Program Files (x86)\Microsoft Visual Studio 10.0\VC\bin\CL.exe /c /ZI /nologo /W3 /WX- /Od /Oy- /D WIN32 /D _DEBUG /D _CONSOLE /D _UNICODE /D UNICODE /Gm /EHsc /RTC1 /MDd /GS /fp:precise /Zc:wchar_t /Zc:forScope /Yu"StdAfx.h" /Fp"Debug\stack.pch" /Fo"Debug\\" /Fd"Debug\vc100.pdb" /Gd /TP /analyze- /errorReport:prompt stack.cpp /wd4430 
         stack.cpp
     1>c:\users\eluguan\documents\visual studio 2010\projects\data_structure\stack\stack.cpp(18): warning C4183: 'Push': missing return type; assumed to be a member function returning 'int'
                 c:\users\eluguan\documents\visual studio 2010\projects\data_structure\stack\stack.cpp(25) : see reference to class template instantiation 'myStack<T>' being compiled
     1>c:\users\eluguan\documents\visual studio 2010\projects\data_structure\stack\stack.cpp(18): warning C4183: 'Push': missing return type; assumed to be a member function returning 'int'
                 c:\users\eluguan\documents\visual studio 2010\projects\data_structure\stack\stack.cpp(60) : see reference to class template instantiation 'myStack<T>' being compiled
                 with
                 [
                     T=int
                 ]
       Link:
         c:\Program Files (x86)\Microsoft Visual Studio 10.0\VC\bin\link.exe /ERRORREPORT:PROMPT /OUT:"C:\Users\eluguan\documents\visual studio 2010\Projects\Data_Structure\Debug\stack.exe" /INCREMENTAL /NOLOGO kernel32.lib user32.lib gdi32.lib winspool.lib comdlg32.lib advapi32.lib shell32.lib ole32.lib oleaut32.lib uuid.lib odbc32.lib odbccp32.lib /MANIFEST /ManifestFile:"Debug\stack.exe.intermediate.manifest" /MANIFESTUAC:"level='asInvoker' uiAccess='false'" /DEBUG /PDB:"C:\Users\eluguan\documents\visual studio 2010\Projects\Data_Structure\Debug\stack.pdb" /SUBSYSTEM:CONSOLE /TLBID:1 /DYNAMICBASE /NXCOMPAT /IMPLIB:"C:\Users\eluguan\documents\visual studio 2010\Projects\Data_Structure\Debug\stack.lib" /MACHINE:X86 Debug\stack.obj
         Debug\stdafx.obj
         stack.vcxproj -> C:\Users\eluguan\documents\visual studio 2010\Projects\Data_Structure\Debug\stack.exe
       Manifest:
         c:\Program Files (x86)\Microsoft SDKs\Windows\v7.0A\bin\mt.exe /nologo /verbose /out:"C:\Users\eluguan\documents\visual studio 2010\Projects\Data_Structure\Debug\stack.exe.manifest" /manifest Debug\stack.exe.intermediate.manifest
       FinalizeBuildStatus:
         Deleting file "Debug\stack.unsuccessfulbuild".
         Touching "Debug\stack.lastbuildstate".
     1>Done Building Project "C:\Users\eluguan\documents\visual studio 2010\Projects\Data_Structure\stack\stack.vcxproj" (build target(s)).

Build succeeded.

Time Elapsed 00:00:02.16
